<?xml version="1.0" encoding="UTF-8"?>
<!-- Generated by org.testng.reporters.JUnitReportReporter -->
<testsuite hostname="DESKTOP-SFG9256" failures="0" tests="1" name="com.internetBanking.testcases.LoginTC_002" time="13.554" errors="0" timestamp="2023-07-22T16:03:13 IST" skipped="0">
  <testcase classname="com.internetBanking.testcases.LoginTC_002" name="verifyLoginFunctionalityTC_002" time="13.554"/>
</testsuite> <!-- com.internetBanking.testcases.LoginTC_002 -->
