<?xml version="1.0" encoding="UTF-8"?>
<!-- Generated by org.testng.reporters.JUnitReportReporter -->
<testsuite hostname="DESKTOP-SFG9256" failures="0" tests="1" name="com.internetBanking.testcases.HomeTC_001" time="19.738" errors="0" timestamp="2023-07-22T16:00:36 IST" skipped="0">
  <testcase classname="com.internetBanking.testcases.HomeTC_001" name="verifyLogoutFunctionality" time="19.738"/>
</testsuite> <!-- com.internetBanking.testcases.HomeTC_001 -->
